<?xml version="1.0" encoding="UTF-8"?>
<!-- Generated by org.testng.reporters.JUnitReportReporter -->
<testsuite skipped="0" hostname="DESKTOP-20FUL3E" name="com.orangeHRM.testcases.DashboardPageTest" tests="2" failures="0" timestamp="2021-01-10T22:02:29 IST" time="43.055" errors="0">
  <testcase name="verifyLegendTest" time="16.320" classname="com.orangeHRM.testcases.DashboardPageTest"/>
  <system-out/>
  <testcase name="adminClick" time="26.735" classname="com.orangeHRM.testcases.DashboardPageTest"/>
  <system-out/>
</testsuite> <!-- com.orangeHRM.testcases.DashboardPageTest -->
