<?xml version="1.0" encoding="UTF-8"?>
<!-- Generated by org.testng.reporters.JUnitReportReporter -->
<testsuite skipped="0" hostname="DESKTOP-20FUL3E" name="com.orangeHRM.testcases.LoginPageTest1" tests="1" failures="0" timestamp="2021-01-11T16:47:14 IST" time="5.969" errors="0">
  <testcase name="loginOrangeHRM" time="5.969" classname="com.orangeHRM.testcases.LoginPageTest1"/>
  <system-out/>
</testsuite> <!-- com.orangeHRM.testcases.LoginPageTest1 -->
